<?xml version="1.0" encoding="UTF-8"?>
<!-- Generated by org.testng.reporters.JUnitReportReporter -->
<testsuite hostname="ITOF0146" name="test.SouHuNews" tests="1" failures="0" timestamp="23 May 2017 06:30:23 GMT" time="12.896" errors="0">
  <testcase name="news" time="12.896" classname="test.SouHuNews"/>
</testsuite> <!-- test.SouHuNews -->
